#
# A fatal error has been detected by the Java Runtime Environment:
#
#  EXCEPTION_ACCESS_VIOLATION (0xc0000005) at pc=0x0000000073664579, pid=14320, tid=0x0000000000000ec0
#
# JRE version: OpenJDK Runtime Environment (8.0_111-b15) (build 1.8.0_111-3-redhat-b15)
# Java VM: OpenJDK 64-Bit Server VM (25.111-b15 mixed mode windows-amd64 compressed oops)
# Problematic frame:
# V  [jvm.dll+0x104579]
#
# Failed to write core dump. Minidumps are not enabled by default on client versions of Windows
#
# If you would like to submit a bug report, please visit:
#   http://bugreport.java.com/bugreport/crash.jsp
#

---------------  T H R E A D  ---------------

Current thread (0x0000000028bff000):  JavaThread "*** Profiler Agent Communication Thread" daemon [_thread_in_vm, id=3776, stack(0x0000000040530000,0x0000000040630000)]

siginfo: ExceptionCode=0xc0000005, reading address 0x000000000000001b

Registers:
RAX=0x000000004062f301, RBX=0x00000000255aaa50, RCX=0x00000000255aaa50, RDX=0x000000000000000b
RSP=0x000000004062f300, RBP=0x0000000026fc77d0, RSI=0x0000000028846cf0, RDI=0x000000004062f410
R8 =0x0000000028bff000, R9 =0x0000000000008000, R10=0x7ef8fefef8fef8fe, R11=0x0000000039451fbb
R12=0x00000000394846d0, R13=0x0000000000000166, R14=0x00000000763d9a60, R15=0x0000000028bff000
RIP=0x0000000073664579, EFLAGS=0x0000000000010212

Top of Stack: (sp=0x000000004062f300)
0x000000004062f300:   00000000287bcd40 0000000000000166
0x000000004062f310:   0000000028bff000 00000000736dd279
0x000000004062f320:   0000000028bff000 000000007387b99d
0x000000004062f330:   0000000028bff000 00000000763d30ab
0x000000004062f340:   000000004062f3d0 0000000073861b8b
0x000000004062f350:   0000000028bff000 0000000000000000
0x000000004062f360:   0000000000000000 0000000000000000
0x000000004062f370:   0000000028846cf0 00000000763d3412
0x000000004062f380:   000000000000009a 0000000028bff1e0
0x000000004062f390:   000000000000019e 0000000028843018
0x000000004062f3a0:   000000004062f3d0 0000000035ac60d0
0x000000004062f3b0:   0000000026ea1a10 00000000356597d0
0x000000004062f3c0:   0000000035659430 0000000028e086f0
0x000000004062f3d0:   00000000287bcd40 0000000002887b26
0x000000004062f3e0:   0000000033298a58 0000000000000000
0x000000004062f3f0:   0000000025128590 000000000000019e 

Instructions: (pc=0x0000000073664579)
0x0000000073664559:   33 c0 48 83 c4 28 c3 48 89 5c 24 20 48 8b 19 48
0x0000000073664569:   85 db 74 20 48 83 fb 37 74 1a 48 8b 13 48 8b cb
0x0000000073664579:   ff 52 10 84 c0 74 0d 48 8b c3 48 8b 5c 24 20 48
0x0000000073664589:   83 c4 28 c3 33 c0 48 8b 5c 24 20 48 83 c4 28 c3 


Register to memory mapping:

RAX=0x000000004062f301 is pointing into the stack for thread: 0x0000000028bff000
RBX=0x00000000255aaa50 is pointing into metadata
RCX=0x00000000255aaa50 is pointing into metadata
RDX=0x000000000000000b is an unknown value
RSP=0x000000004062f300 is pointing into the stack for thread: 0x0000000028bff000
RBP=0x0000000026fc77d0 is an unknown value
RSI=0x0000000028846cf0 is an unknown value
RDI=0x000000004062f410 is pointing into the stack for thread: 0x0000000028bff000
R8 =0x0000000028bff000 is a thread
R9 =0x0000000000008000 is an unknown value
R10=0x7ef8fefef8fef8fe is an unknown value
R11=0x0000000039451fbb is an unknown value
R12=0x00000000394846d0 is an unknown value
R13=0x0000000000000166 is an unknown value
R14=0x00000000763d9a60 is an unknown value
R15=0x0000000028bff000 is a thread


Stack: [0x0000000040530000,0x0000000040630000],  sp=0x000000004062f300,  free space=1020k
Native frames: (J=compiled Java code, j=interpreted, Vv=VM code, C=native code)
V  [jvm.dll+0x104579]
V  [jvm.dll+0x31b99d]
C  [profilerinterface.dll+0x3412]
C  0x0000000002887c94

Java frames: (J=compiled Java code, j=interpreted, Vv=VM code)
j  org.netbeans.lib.profiler.server.system.Stacks.getMethodNamesForJMethodIds(I[I[I)[B+0
j  org.netbeans.lib.profiler.server.ProfilerInterface.getMethodNamesForJMethodIds([I)Lorg/netbeans/lib/profiler/wireprotocol/MethodNamesResponse;+18
j  org.netbeans.lib.profiler.server.ProfilerServer.handleClientCommand(Lorg/netbeans/lib/profiler/wireprotocol/Command;)V+675
j  org.netbeans.lib.profiler.server.ProfilerServer.listenToClient()V+48
j  org.netbeans.lib.profiler.server.ProfilerServer.run()V+22
v  ~StubRoutines::call_stub

---------------  P R O C E S S  ---------------

Java Threads: ( => current thread )
  0x0000000028c00800 JavaThread "*** Profiler Agent Special Execution Thread 3" daemon [_thread_blocked, id=1068, stack(0x0000000043740000,0x0000000043840000)]
  0x0000000028bfb000 JavaThread "*** Profiler Agent Special Execution Thread 6" daemon [_thread_blocked, id=12340, stack(0x0000000041100000,0x0000000041200000)]
  0x0000000028bfe000 JavaThread "*** JFluid Monitor thread ***" daemon [_thread_blocked, id=3372, stack(0x0000000040630000,0x0000000040730000)]
=>0x0000000028bff000 JavaThread "*** Profiler Agent Communication Thread" daemon [_thread_in_vm, id=3776, stack(0x0000000040530000,0x0000000040630000)]
  0x0000000028bff800 JavaThread "RMI TCP Connection(2)-127.0.0.1" daemon [_thread_in_native, id=236, stack(0x0000000040030000,0x0000000040130000)]
  0x00000000355f4000 JavaThread "JMX server connection timeout 22" daemon [_thread_blocked, id=13208, stack(0x000000003eee0000,0x000000003efe0000)]
  0x0000000026e94000 JavaThread "RMI Scheduler(0)" daemon [_thread_blocked, id=12420, stack(0x000000003ede0000,0x000000003eee0000)]
  0x00000000355f0800 JavaThread "RMI TCP Connection(1)-127.0.0.1" daemon [_thread_in_native, id=12132, stack(0x000000003ece0000,0x000000003ede0000)]
  0x0000000035029800 JavaThread "RMI TCP Accept-0" daemon [_thread_in_native, id=9564, stack(0x000000003eae0000,0x000000003ebe0000)]
  0x00000000351a6000 JavaThread "PooledThread_2" daemon [_thread_blocked, id=10944, stack(0x0000000033610000,0x0000000033710000)]
  0x0000000035a2a800 JavaThread "PooledThread_1" daemon [_thread_blocked, id=7728, stack(0x0000000033510000,0x0000000033610000)]
  0x000000003502e800 JavaThread "PooledThread_0" daemon [_thread_blocked, id=10172, stack(0x0000000032c60000,0x0000000032d60000)]
  0x0000000028d49000 JavaThread "RegionRenderThread #2" daemon [_thread_blocked, id=652, stack(0x0000000031800000,0x0000000031900000)]
  0x0000000028d48000 JavaThread "RegionRenderThread #1" daemon [_thread_blocked, id=13068, stack(0x0000000031700000,0x0000000031800000)]
  0x0000000028d47800 JavaThread "RegionRenderThread #0" daemon [_thread_blocked, id=13052, stack(0x0000000031600000,0x0000000031700000)]
  0x0000000028960800 JavaThread "- main thread" [_thread_in_native, id=3176, stack(0x0000000028f90000,0x0000000029090000)]
  0x0000000026d73000 JavaThread "Service Thread" daemon [_thread_blocked, id=13100, stack(0x0000000028490000,0x0000000028590000)]
  0x0000000026d4e800 JavaThread "C1 CompilerThread3" daemon [_thread_blocked, id=13168, stack(0x0000000028390000,0x0000000028490000)]
  0x0000000026d44000 JavaThread "C2 CompilerThread2" daemon [_thread_blocked, id=2096, stack(0x0000000028290000,0x0000000028390000)]
  0x0000000026cf5800 JavaThread "C2 CompilerThread1" daemon [_thread_blocked, id=9064, stack(0x0000000028190000,0x0000000028290000)]
  0x0000000026cf3800 JavaThread "C2 CompilerThread0" daemon [_thread_blocked, id=14288, stack(0x0000000028090000,0x0000000028190000)]
  0x0000000026cf0800 JavaThread "Attach Listener" daemon [_thread_blocked, id=10744, stack(0x0000000027f90000,0x0000000028090000)]
  0x0000000026d43800 JavaThread "Signal Dispatcher" daemon [_thread_blocked, id=8000, stack(0x0000000027e90000,0x0000000027f90000)]
  0x0000000025986000 JavaThread "Finalizer" daemon [_thread_blocked, id=7004, stack(0x0000000027c80000,0x0000000027d80000)]
  0x000000002597d000 JavaThread "Reference Handler" daemon [_thread_blocked, id=11452, stack(0x0000000027b80000,0x0000000027c80000)]
  0x000000000252e000 JavaThread "main" [_thread_blocked, id=7216, stack(0x0000000002670000,0x0000000002770000)]

Other Threads:
  0x0000000025977000 VMThread [stack: 0x0000000027a80000,0x0000000027b80000] [id=5032]
  0x0000000026d77800 WatcherThread [stack: 0x0000000028590000,0x0000000028690000] [id=11092]

VM state:not at safepoint (normal execution)

VM Mutex/Monitor currently owned by a thread: None

Heap:
 PSYoungGen      total 604672K, used 16401K [0x0000000715580000, 0x000000073f900000, 0x00000007c0000000)
  eden space 523776K, 3% used [0x0000000715580000,0x0000000716584678,0x0000000735500000)
  from space 80896K, 0% used [0x000000073aa00000,0x000000073aa00000,0x000000073f900000)
  to   space 83968K, 0% used [0x0000000735500000,0x0000000735500000,0x000000073a700000)
 ParOldGen       total 918016K, used 567667K [0x00000005c0000000, 0x00000005f8080000, 0x0000000715580000)
  object space 918016K, 61% used [0x00000005c0000000,0x00000005e2a5ce58,0x00000005f8080000)
 Metaspace       used 38961K, capacity 39408K, committed 39724K, reserved 1085440K
  class space    used 2650K, capacity 2838K, committed 2944K, reserved 1048576K

Card table byte_map: [0x0000000011c30000,0x0000000012c40000] byte_map_base: 0x000000000ee30000

Marking Bits: (ParMarkBitMap*) 0x0000000073d249f0
 Begin Bits: [0x0000000013ef0000, 0x000000001bef0000)
 End Bits:   [0x000000001bef0000, 0x0000000023ef0000)

Polling page: 0x0000000002510000

CodeCache: size=245760Kb used=4643Kb max_used=8275Kb free=241116Kb
 bounds [0x0000000002870000, 0x00000000030a0000, 0x0000000011870000]
 total_blobs=2309 nmethods=1349 adapters=874
 compilation: enabled

Compilation events (10 events):
Event: 30.829 Thread 0x0000000026d4e800 3755       3       org.lwjgl.glfw.EventLoop$OnScreen::check (1 bytes)
Event: 30.829 Thread 0x0000000026d4e800 nmethod 3755 0x0000000002ccfb50 code [0x0000000002ccfca0, 0x0000000002ccfdd0]
Event: 30.829 Thread 0x0000000026d4e800 3756       3       nidefawl.qubes.render.gui.SingleBlockDraw::processQueue (424 bytes)
Event: 30.830 Thread 0x0000000026d4e800 nmethod 3756 0x0000000002a9d8d0 code [0x0000000002a9e000, 0x0000000002aa1f48]
Event: 30.831 Thread 0x0000000026d4e800 3757       3       nidefawl.qubes.gl.Engine::setDefaultViewport (12 bytes)
Event: 30.831 Thread 0x0000000026d4e800 nmethod 3757 0x0000000002ccf7d0 code [0x0000000002ccf940, 0x0000000002ccfac8]
Event: 30.846 Thread 0x0000000026d44000 3758       4       java.nio.Buffer::limit (70 bytes)
Event: 30.846 Thread 0x0000000026d44000 nmethod 3758 0x0000000002a0c9d0 code [0x0000000002a0cb20, 0x0000000002a0cbf8]
Event: 30.879 Thread 0x0000000026cf5800 3759       4       java.nio.Bits::copyFromArray (70 bytes)
Event: 30.880 Thread 0x0000000026cf5800 nmethod 3759 0x000000000299a890 code [0x000000000299a9c0, 0x000000000299aa58]

GC Heap History (10 events):
Event: 24.302 GC heap before
{Heap before GC invocations=44 (full 6):
 PSYoungGen      total 594944K, used 35272K [0x0000000715580000, 0x000000073f600000, 0x00000007c0000000)
  eden space 512512K, 0% used [0x0000000715580000,0x0000000715580000,0x0000000734a00000)
  from space 82432K, 42% used [0x000000073a580000,0x000000073c7f2248,0x000000073f600000)
  to   space 88064K, 0% used [0x0000000734a00000,0x0000000734a00000,0x000000073a000000)
 ParOldGen       total 772096K, used 544490K [0x00000005c0000000, 0x00000005ef200000, 0x0000000715580000)
  object space 772096K, 70% used [0x00000005c0000000,0x00000005e13ba810,0x00000005ef200000)
 Metaspace       used 23315K, capacity 23651K, committed 23680K, reserved 1071104K
  class space    used 1972K, capacity 2156K, committed 2176K, reserved 1048576K
Event: 24.423 GC heap after
Heap after GC invocations=44 (full 6):
 PSYoungGen      total 594944K, used 0K [0x0000000715580000, 0x000000073f600000, 0x00000007c0000000)
  eden space 512512K, 0% used [0x0000000715580000,0x0000000715580000,0x0000000734a00000)
  from space 82432K, 0% used [0x000000073a580000,0x000000073a580000,0x000000073f600000)
  to   space 88064K, 0% used [0x0000000734a00000,0x0000000734a00000,0x000000073a000000)
 ParOldGen       total 837632K, used 577079K [0x00000005c0000000, 0x00000005f3200000, 0x0000000715580000)
  object space 837632K, 68% used [0x00000005c0000000,0x00000005e338df78,0x00000005f3200000)
 Metaspace       used 23315K, capacity 23651K, committed 23680K, reserved 1071104K
  class space    used 1972K, capacity 2156K, committed 2176K, reserved 1048576K
}
Event: 26.330 GC heap before
{Heap before GC invocations=45 (full 6):
 PSYoungGen      total 594944K, used 28032K [0x0000000715580000, 0x000000073f600000, 0x00000007c0000000)
  eden space 512512K, 5% used [0x0000000715580000,0x00000007170e0320,0x0000000734a00000)
  from space 82432K, 0% used [0x000000073a580000,0x000000073a580000,0x000000073f600000)
  to   space 88064K, 0% used [0x0000000734a00000,0x0000000734a00000,0x000000073a000000)
 ParOldGen       total 837632K, used 577079K [0x00000005c0000000, 0x00000005f3200000, 0x0000000715580000)
  object space 837632K, 68% used [0x00000005c0000000,0x00000005e338df78,0x00000005f3200000)
 Metaspace       used 38852K, capacity 39220K, committed 39468K, reserved 1085440K
  class space    used 2646K, capacity 2830K, committed 2944K, reserved 1048576K
Event: 26.332 GC heap after
Heap after GC invocations=45 (full 6):
 PSYoungGen      total 600576K, used 416K [0x0000000715580000, 0x000000073fe00000, 0x00000007c0000000)
  eden space 512512K, 0% used [0x0000000715580000,0x0000000715580000,0x0000000734a00000)
  from space 88064K, 0% used [0x0000000734a00000,0x0000000734a68000,0x000000073a000000)
  to   space 86016K, 0% used [0x000000073aa00000,0x000000073aa00000,0x000000073fe00000)
 ParOldGen       total 837632K, used 577079K [0x00000005c0000000, 0x00000005f3200000, 0x0000000715580000)
  object space 837632K, 68% used [0x00000005c0000000,0x00000005e338df78,0x00000005f3200000)
 Metaspace       used 38852K, capacity 39220K, committed 39468K, reserved 1085440K
  class space    used 2646K, capacity 2830K, committed 2944K, reserved 1048576K
}
Event: 26.332 GC heap before
{Heap before GC invocations=46 (full 7):
 PSYoungGen      total 600576K, used 416K [0x0000000715580000, 0x000000073fe00000, 0x00000007c0000000)
  eden space 512512K, 0% used [0x0000000715580000,0x0000000715580000,0x0000000734a00000)
  from space 88064K, 0% used [0x0000000734a00000,0x0000000734a68000,0x000000073a000000)
  to   space 86016K, 0% used [0x000000073aa00000,0x000000073aa00000,0x000000073fe00000)
 ParOldGen       total 837632K, used 577079K [0x00000005c0000000, 0x00000005f3200000, 0x0000000715580000)
  object space 837632K, 68% used [0x00000005c0000000,0x00000005e338df78,0x00000005f3200000)
 Metaspace       used 38852K, capacity 39220K, committed 39468K, reserved 1085440K
  class space    used 2646K, capacity 2830K, committed 2944K, reserved 1048576K
Event: 26.410 GC heap after
Heap after GC invocations=46 (full 7):
 PSYoungGen      total 600576K, used 0K [0x0000000715580000, 0x000000073fe00000, 0x00000007c0000000)
  eden space 512512K, 0% used [0x0000000715580000,0x0000000715580000,0x0000000734a00000)
  from space 88064K, 0% used [0x0000000734a00000,0x0000000734a00000,0x000000073a000000)
  to   space 86016K, 0% used [0x000000073aa00000,0x000000073aa00000,0x000000073fe00000)
 ParOldGen       total 878592K, used 577250K [0x00000005c0000000, 0x00000005f5a00000, 0x0000000715580000)
  object space 878592K, 65% used [0x00000005c0000000,0x00000005e33b8848,0x00000005f5a00000)
 Metaspace       used 38852K, capacity 39220K, committed 39468K, reserved 1085440K
  class space    used 2646K, capacity 2830K, committed 2944K, reserved 1048576K
}
Event: 30.156 GC heap before
{Heap before GC invocations=47 (full 7):
 PSYoungGen      total 600576K, used 19535K [0x0000000715580000, 0x000000073fe00000, 0x00000007c0000000)
  eden space 512512K, 3% used [0x0000000715580000,0x0000000716893cf8,0x0000000734a00000)
  from space 88064K, 0% used [0x0000000734a00000,0x0000000734a00000,0x000000073a000000)
  to   space 86016K, 0% used [0x000000073aa00000,0x000000073aa00000,0x000000073fe00000)
 ParOldGen       total 878592K, used 577250K [0x00000005c0000000, 0x00000005f5a00000, 0x0000000715580000)
  object space 878592K, 65% used [0x00000005c0000000,0x00000005e33b8848,0x00000005f5a00000)
 Metaspace       used 38962K, capacity 39414K, committed 39724K, reserved 1085440K
  class space    used 2651K, capacity 2839K, committed 2944K, reserved 1048576K
Event: 30.158 GC heap after
Heap after GC invocations=47 (full 7):
 PSYoungGen      total 604672K, used 256K [0x0000000715580000, 0x000000073f900000, 0x00000007c0000000)
  eden space 523776K, 0% used [0x0000000715580000,0x0000000715580000,0x0000000735500000)
  from space 80896K, 0% used [0x000000073aa00000,0x000000073aa40000,0x000000073f900000)
  to   space 83968K, 0% used [0x0000000735500000,0x0000000735500000,0x000000073a700000)
 ParOldGen       total 878592K, used 577258K [0x00000005c0000000, 0x00000005f5a00000, 0x0000000715580000)
  object space 878592K, 65% used [0x00000005c0000000,0x00000005e33ba848,0x00000005f5a00000)
 Metaspace       used 38962K, capacity 39414K, committed 39724K, reserved 1085440K
  class space    used 2651K, capacity 2839K, committed 2944K, reserved 1048576K
}
Event: 30.158 GC heap before
{Heap before GC invocations=48 (full 8):
 PSYoungGen      total 604672K, used 256K [0x0000000715580000, 0x000000073f900000, 0x00000007c0000000)
  eden space 523776K, 0% used [0x0000000715580000,0x0000000715580000,0x0000000735500000)
  from space 80896K, 0% used [0x000000073aa00000,0x000000073aa40000,0x000000073f900000)
  to   space 83968K, 0% used [0x0000000735500000,0x0000000735500000,0x000000073a700000)
 ParOldGen       total 878592K, used 577258K [0x00000005c0000000, 0x00000005f5a00000, 0x0000000715580000)
  object space 878592K, 65% used [0x00000005c0000000,0x00000005e33ba848,0x00000005f5a00000)
 Metaspace       used 38962K, capacity 39414K, committed 39724K, reserved 1085440K
  class space    used 2651K, capacity 2839K, committed 2944K, reserved 1048576K
Event: 30.214 GC heap after
Heap after GC invocations=48 (full 8):
 PSYoungGen      total 604672K, used 0K [0x0000000715580000, 0x000000073f900000, 0x00000007c0000000)
  eden space 523776K, 0% used [0x0000000715580000,0x0000000715580000,0x0000000735500000)
  from space 80896K, 0% used [0x000000073aa00000,0x000000073aa00000,0x000000073f900000)
  to   space 83968K, 0% used [0x0000000735500000,0x0000000735500000,0x000000073a700000)
 ParOldGen       total 918016K, used 567667K [0x00000005c0000000, 0x00000005f8080000, 0x0000000715580000)
  object space 918016K, 61% used [0x00000005c0000000,0x00000005e2a5ce58,0x00000005f8080000)
 Metaspace       used 38961K, capacity 39408K, committed 39724K, reserved 1085440K
  class space    used 2650K, capacity 2838K, committed 2944K, reserved 1048576K
}

Deoptimization events (10 events):
Event: 22.606 Thread 0x0000000028960800 Uncommon trap: reason=unstable_if action=reinterpret pc=0x0000000002f36784 method=nidefawl.qubes.shader.Shader.enable()V @ 34
Event: 22.606 Thread 0x0000000028960800 Uncommon trap: reason=unstable_if action=reinterpret pc=0x0000000002f3ef58 method=nidefawl.qubes.gl.GLVBO.upload(ILjava/nio/ByteBuffer;JZ)V @ 187
Event: 22.606 Thread 0x0000000028960800 Uncommon trap: reason=unstable_if action=reinterpret pc=0x0000000002f1aac8 method=nidefawl.qubes.gl.AbstractTesselatorState.drawVBO(I)V @ 20
Event: 23.041 Thread 0x0000000028bff000 Uncommon trap: reason=class_check action=maybe_recompile pc=0x0000000003008d48 method=java.io.ObjectOutputStream$BlockDataOutputStream.drain()V @ 36
Event: 23.092 Thread 0x0000000028bff000 Uncommon trap: reason=class_check action=maybe_recompile pc=0x00000000030115d8 method=java.io.ObjectOutputStream$BlockDataOutputStream.drain()V @ 36
Event: 23.092 Thread 0x0000000028bff000 Uncommon trap: reason=unstable_if action=reinterpret pc=0x0000000002d1a308 method=java.io.ObjectOutputStream$BlockDataOutputStream.writeBytes(Ljava/lang/String;)V @ 22
Event: 23.092 Thread 0x0000000028bff000 Uncommon trap: reason=class_check action=maybe_recompile pc=0x00000000030115d8 method=java.io.ObjectOutputStream$BlockDataOutputStream.drain()V @ 36
Event: 23.092 Thread 0x0000000028bff000 Uncommon trap: reason=class_check action=maybe_recompile pc=0x00000000030115d8 method=java.io.ObjectOutputStream$BlockDataOutputStream.drain()V @ 36
Event: 24.283 Thread 0x00000000355f0800 Uncommon trap: reason=unstable_if action=reinterpret pc=0x0000000002de6d5c method=java.io.ObjectInputStream$BlockDataInputStream.read([BIIZ)I @ 10
Event: 25.301 Thread 0x00000000355f0800 Uncommon trap: reason=unstable_if action=reinterpret pc=0x000000000306c76c method=java.lang.ThreadLocal$ThreadLocalMap.getEntry(Ljava/lang/ThreadLocal;)Ljava/lang/ThreadLocal$ThreadLocalMap$Entry; @ 29

Internal exceptions (10 events):
Event: 12.237 Thread 0x00000000355f0800 Exception <a 'java/lang/NoSuchMethodError': <clinit>> (0x0000000731e8d018) thrown at [C:\cygwin64\tmp\ojdkbuild\lookaside\java-1.8.0-openjdk\hotspot\src\share\vm\prims\jni.cpp, line 1613]
Event: 12.240 Thread 0x00000000355f0800 Exception <a 'java/lang/ClassNotFoundException': javax/management/remote/rmi/RMIConnectionImpl_Skel> (0x0000000731e92030) thrown at [C:\cygwin64\tmp\ojdkbuild\lookaside\java-1.8.0-openjdk\hotspot\src\share\vm\classfile\systemDictionary.cpp, line 210]
Event: 12.254 Thread 0x00000000355f0800 Exception <a 'java/lang/NoSuchMethodError': <clinit>> (0x0000000731f307e0) thrown at [C:\cygwin64\tmp\ojdkbuild\lookaside\java-1.8.0-openjdk\hotspot\src\share\vm\prims\jni.cpp, line 1613]
Event: 12.263 Thread 0x00000000355f0800 Exception <a 'java/lang/NoSuchMethodError': <clinit>> (0x0000000731f401a0) thrown at [C:\cygwin64\tmp\ojdkbuild\lookaside\java-1.8.0-openjdk\hotspot\src\share\vm\prims\jni.cpp, line 1613]
Event: 12.264 Thread 0x00000000355f0800 Exception <a 'java/lang/NoSuchMethodError': <clinit>> (0x0000000731f4e8e8) thrown at [C:\cygwin64\tmp\ojdkbuild\lookaside\java-1.8.0-openjdk\hotspot\src\share\vm\prims\jni.cpp, line 1613]
Event: 12.264 Thread 0x00000000355f0800 Exception <a 'java/lang/NoSuchMethodError': <clinit>> (0x0000000731f4f2b0) thrown at [C:\cygwin64\tmp\ojdkbuild\lookaside\java-1.8.0-openjdk\hotspot\src\share\vm\prims\jni.cpp, line 1613]
Event: 12.265 Thread 0x00000000355f0800 Exception <a 'java/lang/NoSuchMethodError': <clinit>> (0x0000000731f5c030) thrown at [C:\cygwin64\tmp\ojdkbuild\lookaside\java-1.8.0-openjdk\hotspot\src\share\vm\prims\jni.cpp, line 1613]
Event: 12.265 Thread 0x00000000355f0800 Exception <a 'java/lang/NoSuchMethodError': <clinit>> (0x0000000731f5cc78) thrown at [C:\cygwin64\tmp\ojdkbuild\lookaside\java-1.8.0-openjdk\hotspot\src\share\vm\prims\jni.cpp, line 1613]
Event: 12.265 Thread 0x00000000355f0800 Exception <a 'java/lang/NoSuchMethodError': <clinit>> (0x0000000731f5d890) thrown at [C:\cygwin64\tmp\ojdkbuild\lookaside\java-1.8.0-openjdk\hotspot\src\share\vm\prims\jni.cpp, line 1613]
Event: 13.273 Thread 0x00000000355f0800 Exception <a 'java/lang/NoSuchMethodError': <clinit>> (0x0000000731fad210) thrown at [C:\cygwin64\tmp\ojdkbuild\lookaside\java-1.8.0-openjdk\hotspot\src\share\vm\prims\jni.cpp, line 1613]

Events (10 events):
Event: 28.283 Executing VM operation: ThreadDump
Event: 28.283 Executing VM operation: ThreadDump done
Event: 29.283 Executing VM operation: ThreadDump
Event: 29.283 Executing VM operation: ThreadDump done
Event: 30.156 Executing VM operation: ParallelGCSystemGC
Event: 30.214 Executing VM operation: ParallelGCSystemGC done
Event: 30.717 Executing VM operation: ThreadDump
Event: 30.717 Executing VM operation: ThreadDump done
Event: 30.915 loading class org/netbeans/lib/profiler/wireprotocol/GetMethodNamesForJMethodIdsCommand
Event: 30.915 loading class org/netbeans/lib/profiler/wireprotocol/GetMethodNamesForJMethodIdsCommand done


Dynamic libraries:
0x00007ff641820000 - 0x00007ff641863000 	C:\Program Files\Java\openjdk-1.8.0.111-3\bin\javaw.exe
0x00007ff80a3f0000 - 0x00007ff80a5c1000 	C:\Windows\SYSTEM32\ntdll.dll
0x00007ff807df0000 - 0x00007ff807e9b000 	C:\Windows\System32\KERNEL32.DLL
0x00007ff807390000 - 0x00007ff8075ad000 	C:\Windows\System32\KERNELBASE.dll
0x00007ff80a340000 - 0x00007ff80a3e2000 	C:\Windows\System32\ADVAPI32.dll
0x00007ff809820000 - 0x00007ff8098be000 	C:\Windows\System32\msvcrt.dll
0x00007ff80a2e0000 - 0x00007ff80a339000 	C:\Windows\System32\sechost.dll
0x00007ff807f00000 - 0x00007ff808021000 	C:\Windows\System32\RPCRT4.dll
0x00007ff807b40000 - 0x00007ff807ca5000 	C:\Windows\System32\USER32.dll
0x00007ff807130000 - 0x00007ff80714e000 	C:\Windows\System32\win32u.dll
0x00007ff807db0000 - 0x00007ff807de4000 	C:\Windows\System32\GDI32.dll
0x00007ff807150000 - 0x00007ff8072d2000 	C:\Windows\System32\gdi32full.dll
0x00007fffecfa0000 - 0x00007fffecfba000 	C:\Program Files\Java\openjdk-1.8.0.111-3\bin\ojdkbuild_zlib.dll
0x00007ffffd750000 - 0x00007ffffd9c9000 	C:\Windows\WinSxS\amd64_microsoft.windows.common-controls_6595b64144ccf1df_6.0.14393.447_none_42191651c6827bb3\COMCTL32.dll
0x00007ff809be0000 - 0x00007ff809ea8000 	C:\Windows\System32\combase.dll
0x00007ff8075b0000 - 0x00007ff8076a5000 	C:\Windows\System32\ucrtbase.dll
0x00007ff8068e0000 - 0x00007ff80694a000 	C:\Windows\System32\bcryptPrimitives.dll
0x00007ff808030000 - 0x00007ff80805e000 	C:\Windows\System32\IMM32.DLL
0x00000000762c0000 - 0x0000000076392000 	C:\Program Files\Java\openjdk-1.8.0.111-3\jre\bin\msvcr100.dll
0x0000000073560000 - 0x0000000073d9f000 	C:\Program Files\Java\openjdk-1.8.0.111-3\jre\bin\server\jvm.dll
0x00007ff809810000 - 0x00007ff809818000 	C:\Windows\System32\PSAPI.DLL
0x00007ff8010b0000 - 0x00007ff8010ba000 	C:\Windows\SYSTEM32\VERSION.dll
0x00007ff8044d0000 - 0x00007ff8044f3000 	C:\Windows\SYSTEM32\WINMM.dll
0x00007fffe1280000 - 0x00007fffe1289000 	C:\Windows\SYSTEM32\WSOCK32.dll
0x00007ff809b70000 - 0x00007ff809bda000 	C:\Windows\System32\WS2_32.dll
0x00007ff8044a0000 - 0x00007ff8044cb000 	C:\Windows\SYSTEM32\WINMMBASE.dll
0x00007ff8076b0000 - 0x00007ff8076f2000 	C:\Windows\System32\cfgmgr32.dll
0x00007ffffdc50000 - 0x00007ffffdc5f000 	C:\Program Files\Java\openjdk-1.8.0.111-3\jre\bin\verify.dll
0x00007fffe4fd0000 - 0x00007fffe4ff9000 	C:\Program Files\Java\openjdk-1.8.0.111-3\jre\bin\java.dll
0x00007ffffbf00000 - 0x00007ffffbf0b000 	C:\Program Files\Java\openjdk-1.8.0.111-3\jre\bin\zip.dll
0x00007ff808200000 - 0x00007ff809709000 	C:\Windows\System32\SHELL32.dll
0x00007ff806a50000 - 0x00007ff80712a000 	C:\Windows\System32\windows.storage.dll
0x00007ff806880000 - 0x00007ff8068cc000 	C:\Windows\System32\powrprof.dll
0x00007ff807ea0000 - 0x00007ff807ef2000 	C:\Windows\System32\shlwapi.dll
0x00007ff8068d0000 - 0x00007ff8068df000 	C:\Windows\System32\kernel.appcore.dll
0x00007ff807700000 - 0x00007ff8077a9000 	C:\Windows\System32\shcore.dll
0x00007ff806860000 - 0x00007ff806874000 	C:\Windows\System32\profapi.dll
0x00007fffe11e0000 - 0x00007fffe11fa000 	C:\Program Files\Java\openjdk-1.8.0.111-3\jre\bin\net.dll
0x00007ff806180000 - 0x00007ff8061dc000 	C:\Windows\system32\mswsock.dll
0x00007fffe11c0000 - 0x00007fffe11d1000 	C:\Program Files\Java\openjdk-1.8.0.111-3\jre\bin\nio.dll
0x00007ffff2580000 - 0x00007ffff25d7000 	C:\Users\Michael\AppData\Local\Temp\lwjglMichael\3.1.2-build-2\lwjgl.dll
0x00007ff806340000 - 0x00007ff80634b000 	C:\Windows\SYSTEM32\CRYPTBASE.DLL
0x00007ffff2540000 - 0x00007ffff257e000 	C:\Users\Michael\AppData\Local\Temp\lwjglMichael\3.1.2-build-2\jemalloc.dll
0x00007ffff2500000 - 0x00007ffff253c000 	C:\Users\Michael\AppData\Local\Temp\lwjglMichael\3.1.2-build-2\glfw.dll
0x00007ff804fa0000 - 0x00007ff805035000 	C:\Windows\system32\uxtheme.dll
0x00007ffff24c0000 - 0x00007ffff2500000 	C:\Windows\SYSTEM32\dinput8.dll
0x00007ff8020d0000 - 0x00007ff8020de000 	C:\Windows\SYSTEM32\xinput1_4.dll
0x00007ff805450000 - 0x00007ff805478000 	C:\Windows\SYSTEM32\DEVOBJ.dll
0x00007ff803f20000 - 0x00007ff803f46000 	C:\Windows\SYSTEM32\dwmapi.dll
0x00007ff805740000 - 0x00007ff80574c000 	C:\Windows\SYSTEM32\HID.DLL
0x00007ff809eb0000 - 0x00007ff80a2d9000 	C:\Windows\System32\SETUPAPI.DLL
0x00007ff8069f0000 - 0x00007ff806a45000 	C:\Windows\System32\WINTRUST.dll
0x00007ff806850000 - 0x00007ff806860000 	C:\Windows\System32\MSASN1.dll
0x00007ff8077b0000 - 0x00007ff807979000 	C:\Windows\System32\CRYPT32.dll
0x00007ff805c60000 - 0x00007ff805c92000 	C:\Windows\SYSTEM32\ntmarta.dll
0x00007ff8098d0000 - 0x00007ff809a2b000 	C:\Windows\System32\MSCTF.dll
0x00007ff8080c0000 - 0x00007ff80817f000 	C:\Windows\System32\OLEAUT32.dll
0x00007ff806950000 - 0x00007ff8069ec000 	C:\Windows\System32\msvcp_win.dll
0x00007fffe4000000 - 0x00007fffe4123000 	C:\Windows\SYSTEM32\opengl32.dll
0x00007fffe1830000 - 0x00007fffe1927000 	C:\Windows\SYSTEM32\DDRAW.dll
0x00007fffed0e0000 - 0x00007fffed10d000 	C:\Windows\SYSTEM32\GLU32.dll
0x00007ff801850000 - 0x00007ff801858000 	C:\Windows\SYSTEM32\DCIMAN32.dll
0x0000000073da0000 - 0x0000000075ef0000 	C:\Windows\SYSTEM32\nvoglv64.DLL
0x00007ff8038b0000 - 0x00007ff8038c3000 	C:\Windows\SYSTEM32\WTSAPI32.dll
0x00007ff8059c0000 - 0x00007ff805a16000 	C:\Windows\SYSTEM32\WINSTA.dll
0x00007fffe5960000 - 0x00007fffe59bf000 	C:\Users\Michael\AppData\Local\Temp\lwjglMichael\3.1.2-build-2\lwjgl_opengl.dll
0x00007ff801060000 - 0x00007ff80106d000 	C:\Users\Michael\workspace_projects\Game\lib\hbaoplus\HBAOPlus.x64.dll
0x00007ffffd6a0000 - 0x00007ffffd746000 	C:\Windows\SYSTEM32\MSVCP120.dll
0x00007ffffd5b0000 - 0x00007ffffd69f000 	C:\Windows\SYSTEM32\MSVCR120.dll
0x00007fffdfd10000 - 0x00007fffdfe37000 	C:\Users\Michael\workspace_projects\Game\lib\hbaoplus\GFSDK_SSAO.win64.dll
0x00007fffec5a0000 - 0x00007fffec72d000 	C:\Windows\SYSTEM32\d3d9.dll
0x00007fffe1200000 - 0x00007fffe1278000 	C:\Users\Michael\AppData\Local\Temp\lwjglMichael\3.1.2-build-2\lwjgl_stb.dll
0x00007ff805f50000 - 0x00007ff805ff0000 	C:\Windows\SYSTEM32\DNSAPI.dll
0x00007ff808180000 - 0x00007ff808188000 	C:\Windows\System32\NSI.dll
0x00007ff805f10000 - 0x00007ff805f48000 	C:\Windows\SYSTEM32\IPHLPAPI.DLL
0x00000000508d0000 - 0x00000000508f6000 	C:\Program Files\Bonjour\mdnsNSP.dll
0x00007ffffbf10000 - 0x00007ffffbf1a000 	C:\Windows\System32\rasadhlp.dll
0x00007ff800270000 - 0x00007ff8002da000 	C:\Windows\System32\fwpuclnt.dll
0x00007ff806430000 - 0x00007ff80645b000 	C:\Windows\SYSTEM32\bcrypt.dll
0x00007ffffb8e0000 - 0x00007ffffb8ed000 	C:\Program Files\Java\openjdk-1.8.0.111-3\jre\bin\management.dll
0x00007ff806320000 - 0x00007ff806337000 	C:\Windows\SYSTEM32\CRYPTSP.dll
0x00007ff805d90000 - 0x00007ff805dc3000 	C:\Windows\system32\rsaenh.dll
0x00007ff806000000 - 0x00007ff80601f000 	C:\Windows\SYSTEM32\USERENV.dll
0x00007ff8020e0000 - 0x00007ff8020f6000 	C:\Windows\SYSTEM32\dhcpcsvc6.DLL
0x00007ff802550000 - 0x00007ff80256a000 	C:\Windows\SYSTEM32\dhcpcsvc.DLL
0x00007fffdffe0000 - 0x00007fffdfffd000 	C:\Program Files\Java\openjdk-1.8.0.111-3\jre\bin\instrument.dll
0x00000000763d0000 - 0x00000000763df000 	C:\Program Files\Java\jdk1.8.0_111\lib\visualvm\profiler\lib\deployed\jdk16\windows-amd64\profilerinterface.dll
0x00007ff8029f0000 - 0x00007ff802b82000 	C:\Windows\SYSTEM32\dbghelp.dll

VM Arguments:
jvm_args: -Xms128M -Xmx8G -Djava.rmi.server.hostname=localhost -Djava.library.path=C:\Users\Michael\workspace_projects\Game\lib\jna;C:\Users\Michael\workspace_projects\Game\lib\openvr -Dfile.encoding=Cp1252 
java_command: nidefawl.qubes.BootClient --server localhost
java_class_path (initial): C:\Users\Michael\workspace_projects\Game\bin;C:\Users\Michael\workspace_projects\Game\lib\guava\guava-18.0.jar;C:\Users\Michael\workspace_projects\Game\lib\snakeyaml\snakeyaml-1.16.jar;C:\Users\Michael\workspace_projects\Game\lib\jna\jna-4.2.2.jar;C:\Users\Michael\workspace_projects\Game\lib\openvr\JOpenVR.jar;C:\Users\Michael\workspace_projects\Game\lib\jline\jline-2.13.jar;C:\Users\Michael\workspace_projects\Game\lib\lwjgl3.1\lwjgl-glfw.jar;C:\Users\Michael\workspace_projects\Game\lib\lwjgl3.1\lwjgl-jemalloc.jar;C:\Users\Michael\workspace_projects\Game\lib\lwjgl3.1\lwjgl-openal.jar;C:\Users\Michael\workspace_projects\Game\lib\lwjgl3.1\lwjgl-opencl.jar;C:\Users\Michael\workspace_projects\Game\lib\lwjgl3.1\lwjgl-opengl.jar;C:\Users\Michael\workspace_projects\Game\lib\lwjgl3.1\lwjgl-sse.jar;C:\Users\Michael\workspace_projects\Game\lib\lwjgl3.1\lwjgl.jar;C:\Users\Michael\workspace_projects\Game\lib\lwjgl3.1\lwjgl-stb.jar;C:\Users\Michael\workspace_projects\Game\lib\lwjgl3.1\lwjgl-natives-windows.jar;C:\Users\Michael\workspace_projects\Game\lib\lwjgl3.1\lwjgl-glfw-natives-windows.jar;C:\Users\Michael\workspace_projects\Game\lib\lwjgl3.1\lwjgl-jemalloc-natives-windows.jar;C:\Users\Michael\workspace_projects\Game\lib\lwjgl3.1\lwjgl-openal-natives-windows.jar;C:\Users\Michael\workspace_projects\Game\lib\lwjgl3.1\lwjgl-opengl-natives-windows.jar;C:\Users\Michael\workspace_projects\Game\lib\lwjgl3.1\lwjgl-sse-natives-windows.jar;C:\Users\Michael\workspace_projects\Game\lib\lwjgl3.1\lwjgl-stb-natives-windows.jar;C:\Users\Michael\workspace_projects\Game\lib\lwjgl3.1\lwjgl-nanovg.jar;C:\Users\Michael\workspace_projects\Game\lib\lwjgl3.1\lwjgl-nanovg-natives-windows.jar
Launcher Type: SUN_STANDARD

Environment Variables:
PATH=C:/Program Files/Java/jdk1.8.0_111/bin/../jre/bin/server;C:/Program Files/Java/jdk1.8.0_111/bin/../jre/bin;C:/Program Files/Java/jdk1.8.0_111/bin/../jre/lib/amd64;D:\Programme\python2.7\;D:\Programme\python2.7\Scripts;C:\Program Files (x86)\Common Files\Intel\Shared Libraries\redist\intel64\compiler;C:\Program Files (x86)\Common Files\Intel\Shared Libraries\redist\ia32\compiler;C:\ProgramData\Oracle\Java\javapath;C:\Windows\system32;C:\Windows;C:\Windows\System32\Wbem;C:\Windows\System32\WindowsPowerShell\v1.0\;C:\Program Files (x86)\NVIDIA Corporation\PhysX\Common;C:\Program Files\TortoiseHg\;C:\Program Files (x86)\Windows Kits\10\Windows Performance Toolkit\;C:\Program Files (x86)\Windows Kits\8.1\Windows Performance Toolkit\;C:\Program Files\Microsoft SQL Server\110\Tools\Binn\;C:\Program Files (x86)\Microsoft SDKs\TypeScript\1.0\;C:\Program Files\nodejs\;C:\Users\Michael\AppData\Local\Programs\Python\Python36-32\Scripts\;C:\Users\Michael\AppData\Local\Programs\Python\Python36-32\;C:\Users\Michael\AppData\Local\Programs\Python\Launcher\;C:\Users\Michael\AppData\Local\Microsoft\WindowsApps;C:\Users\Michael\AppData\Roaming\npm;C:\Windows\system32;
USERNAME=Michael
OS=Windows_NT
PROCESSOR_IDENTIFIER=Intel64 Family 6 Model 94 Stepping 3, GenuineIntel



---------------  S Y S T E M  ---------------

OS: Windows 10.0 , 64 bit Build 14393 (10.0.14393.0)

CPU:total 8 (4 cores per cpu, 2 threads per core) family 6 model 94 stepping 3, cmov, cx8, fxsr, mmx, sse, sse2, sse3, ssse3, sse4.1, sse4.2, popcnt, avx, avx2, aes, clmul, erms, rtm, 3dnowpref, lzcnt, ht, tsc, tscinvbit, bmi1, bmi2, adx

Memory: 4k page, physical 33471404k(19409504k free), swap 38452140k(20331244k free)

vm_info: OpenJDK 64-Bit Server VM (25.111-b15) for windows-amd64 JRE (1.8.0_111-3-redhat-b15), built on Dec 12 2016 13:27:59 by "build" with MS VC++ 10.0 (VS2010)

time: Fri Jan 13 02:10:48 2017
elapsed time: 30 seconds (0d 0h 0m 30s)

